d:\vs_project\programminlanguage\programminlanguage\x64\debug\vc142.pdb
d:\vs_project\programminlanguage\programminlanguage\x64\debug\vc142.idb
d:\vs_project\programminlanguage\programminlanguage\x64\debug\types.obj
d:\vs_project\programminlanguage\programminlanguage\x64\debug\syntaxanalyzer.obj
d:\vs_project\programminlanguage\programminlanguage\x64\debug\semanticanalyzer.obj
d:\vs_project\programminlanguage\programminlanguage\x64\debug\programminlanguage.obj
d:\vs_project\programminlanguage\programminlanguage\x64\debug\polizitem.obj
d:\vs_project\programminlanguage\programminlanguage\x64\debug\maincompiler.obj
d:\vs_project\programminlanguage\programminlanguage\x64\debug\lexicalanalyzer.obj
d:\vs_project\programminlanguage\programminlanguage\x64\debug\gencode.obj
d:\vs_project\programminlanguage\programminlanguage\x64\debug\sqlite3.obj
d:\vs_project\programminlanguage\x64\debug\programminlanguage.ilk
d:\vs_project\programminlanguage\x64\debug\programminlanguage.exe
d:\vs_project\programminlanguage\x64\debug\programminlanguage.pdb
d:\vs_project\programminlanguage\programminlanguage\x64\debug\programm.3544f59b.tlog\cl.command.1.tlog
d:\vs_project\programminlanguage\programminlanguage\x64\debug\programm.3544f59b.tlog\cl.read.1.tlog
d:\vs_project\programminlanguage\programminlanguage\x64\debug\programm.3544f59b.tlog\cl.write.1.tlog
d:\vs_project\programminlanguage\programminlanguage\x64\debug\programm.3544f59b.tlog\link.command.1.tlog
d:\vs_project\programminlanguage\programminlanguage\x64\debug\programm.3544f59b.tlog\link.read.1.tlog
d:\vs_project\programminlanguage\programminlanguage\x64\debug\programm.3544f59b.tlog\link.write.1.tlog
